Flow report for Tp_pwm
Tue Sep 12 09:41:51 2023
Quartus II Version 9.0 Build 235 06/17/2009 Service Pack 2 SJ Web Edition


---------------------
; Table of Contents ;
---------------------
  1. Legal Notice
  2. Flow Summary
  3. Flow Settings
  4. Flow Non-Default Global Settings
  5. Flow Elapsed Time
  6. Flow OS Summary
  7. Flow Log



----------------
; Legal Notice ;
----------------
Copyright (C) 1991-2009 Altera Corporation
Your use of Altera Corporation's design tools, logic functions 
and other software and tools, and its AMPP partner logic 
functions, and any output files from any of the foregoing 
(including device programming or simulation files), and any 
associated documentation or information are expressly subject 
to the terms and conditions of the Altera Program License 
Subscription Agreement, Altera MegaCore Function License 
Agreement, or other applicable license agreement, including, 
without limitation, that your use is for the sole purpose of 
programming logic devices manufactured by Altera and sold by 
Altera or its authorized distributors.  Please refer to the 
applicable agreement for further details.



+-----------------------------------------------------------------------------------+
; Flow Summary                                                                      ;
+------------------------------------+----------------------------------------------+
; Flow Status                        ; Successful - Tue Sep 12 09:41:51 2023        ;
; Quartus II Version                 ; 9.0 Build 235 06/17/2009 SP 2 SJ Web Edition ;
; Revision Name                      ; Tp_pwm                                       ;
; Top-level Entity Name              ; PWM_Generator                                ;
; Family                             ; Cyclone II                                   ;
; Device                             ; EP2C35F672C6                                 ;
; Timing Models                      ; Final                                        ;
; Met timing requirements            ; Yes                                          ;
; Total logic elements               ; 21 / 33,216 ( < 1 % )                        ;
;     Total combinational functions  ; 21 / 33,216 ( < 1 % )                        ;
;     Dedicated logic registers      ; 8 / 33,216 ( < 1 % )                         ;
; Total registers                    ; 8                                            ;
; Total pins                         ; 19 / 475 ( 4 % )                             ;
; Total virtual pins                 ; 0                                            ;
; Total memory bits                  ; 0 / 483,840 ( 0 % )                          ;
; Embedded Multiplier 9-bit elements ; 0 / 70 ( 0 % )                               ;
; Total PLLs                         ; 0 / 4 ( 0 % )                                ;
+------------------------------------+----------------------------------------------+


+-----------------------------------------+
; Flow Settings                           ;
+-------------------+---------------------+
; Option            ; Setting             ;
+-------------------+---------------------+
; Start date & time ; 09/12/2023 09:41:43 ;
; Main task         ; Compilation         ;
; Revision Name     ; Tp_pwm              ;
+-------------------+---------------------+


+------------------------------------------------------------------------------------------------------------------------------------+
; Flow Non-Default Global Settings                                                                                                   ;
+------------------------------------+----------------------------------------------+---------------+---------------+----------------+
; Assignment Name                    ; Value                                        ; Default Value ; Entity Name   ; Section Id     ;
+------------------------------------+----------------------------------------------+---------------+---------------+----------------+
; COMPILER_SIGNATURE_ID              ; 47100569162.169450450300260                  ; --            ; --            ; --             ;
; MAX_CORE_JUNCTION_TEMP             ; 85                                           ; --            ; --            ; --             ;
; MIN_CORE_JUNCTION_TEMP             ; 0                                            ; --            ; --            ; --             ;
; MISC_FILE                          ; C:/Users/Etudiant/Desktop/TP VHDL/Tp_pwm.dpf ; --            ; --            ; --             ;
; PARTITION_COLOR                    ; 16764057                                     ; --            ; PWM_Generator ; Top            ;
; PARTITION_NETLIST_TYPE             ; SOURCE                                       ; --            ; PWM_Generator ; Top            ;
; TOP_LEVEL_ENTITY                   ; PWM_Generator                                ; Tp_pwm        ; --            ; --             ;
; USE_GENERATED_PHYSICAL_CONSTRAINTS ; Off                                          ; --            ; --            ; eda_blast_fpga ;
+------------------------------------+----------------------------------------------+---------------+---------------+----------------+


+-----------------------------------------------------------------------------------------------------------------------------+
; Flow Elapsed Time                                                                                                           ;
+-------------------------+--------------+-------------------------+---------------------+------------------------------------+
; Module Name             ; Elapsed Time ; Average Processors Used ; Peak Virtual Memory ; Total CPU Time (on all processors) ;
+-------------------------+--------------+-------------------------+---------------------+------------------------------------+
; Analysis & Synthesis    ; 00:00:01     ; 1.0                     ; 239 MB              ; 00:00:01                           ;
; Fitter                  ; 00:00:03     ; 1.0                     ; 286 MB              ; 00:00:03                           ;
; Assembler               ; 00:00:01     ; 1.0                     ; 265 MB              ; 00:00:01                           ;
; Classic Timing Analyzer ; 00:00:00     ; 1.0                     ; 173 MB              ; 00:00:00                           ;
; Total                   ; 00:00:05     ; --                      ; --                  ; 00:00:05                           ;
+-------------------------+--------------+-------------------------+---------------------+------------------------------------+


+------------------------------------------------------------------------------------------+
; Flow OS Summary                                                                          ;
+-------------------------+------------------+---------------+------------+----------------+
; Module Name             ; Machine Hostname ; OS Name       ; OS Version ; Processor type ;
+-------------------------+------------------+---------------+------------+----------------+
; Analysis & Synthesis    ; U4-305p1         ; Windows Vista ; 6.1        ; x86_64         ;
; Fitter                  ; U4-305p1         ; Windows Vista ; 6.1        ; x86_64         ;
; Assembler               ; U4-305p1         ; Windows Vista ; 6.1        ; x86_64         ;
; Classic Timing Analyzer ; U4-305p1         ; Windows Vista ; 6.1        ; x86_64         ;
+-------------------------+------------------+---------------+------------+----------------+


------------
; Flow Log ;
------------
quartus_map --read_settings_files=on --write_settings_files=off Tp_pwm -c Tp_pwm
quartus_fit --read_settings_files=off --write_settings_files=off Tp_pwm -c Tp_pwm
quartus_asm --read_settings_files=off --write_settings_files=off Tp_pwm -c Tp_pwm
quartus_tan --read_settings_files=off --write_settings_files=off Tp_pwm -c Tp_pwm --timing_analysis_only



