Info: Starting: Create block symbol file (.bsf)
Info: qsys-generate C:\Users\Etudiant\Desktop\TP_VHDL\SOPC\sopc_counter.qsys --block-symbol-file --output-directory=C:\Users\Etudiant\Desktop\TP_VHDL\SOPC\sopc_counter --family="Cyclone IV E" --part=EP4CE22F17C6
Progress: Loading SOPC/sopc_counter.qsys
Progress: Reading input file
Progress: Adding Avalon_pwm_0 [Avalon_pwm 1.0]
Progress: Parameterizing module Avalon_pwm_0
Progress: Adding Buttons_IO [altera_avalon_pio 18.1]
Progress: Parameterizing module Buttons_IO
Progress: Adding CPU [altera_nios2_gen2 18.1]
Progress: Parameterizing module CPU
Progress: Adding LEDS_IO [altera_avalon_pio 18.1]
Progress: Parameterizing module LEDS_IO
Progress: Adding RAM [altera_avalon_onchip_memory2 18.1]
Progress: Parameterizing module RAM
Progress: Adding clk_0 [clock_source 18.1]
Progress: Parameterizing module clk_0
Progress: Adding jtag_uart_0 [altera_avalon_jtag_uart 18.1]
Progress: Parameterizing module jtag_uart_0
Progress: Adding sysid_qsys_0 [altera_avalon_sysid_qsys 18.1]
Progress: Parameterizing module sysid_qsys_0
Progress: Building connections
Progress: Parameterizing connections
Progress: Validating
Progress: Done reading input file
Info: sopc_counter.Buttons_IO: PIO inputs are not hardwired in test bench. Undefined values will be read from PIO inputs during simulation.
Info: sopc_counter.jtag_uart_0: JTAG UART IP input clock need to be at least double (2x) the operating frequency of JTAG TCK on board
Info: sopc_counter.sysid_qsys_0: System ID is not assigned automatically. Edit the System ID parameter to provide a unique ID
Info: sopc_counter.sysid_qsys_0: Time stamp will be automatically updated when this component is generated.
Info: qsys-generate succeeded.
Info: Finished: Create block symbol file (.bsf)
Info: 
Info: Starting: Create HDL design files for synthesis
Info: qsys-generate C:\Users\Etudiant\Desktop\TP_VHDL\SOPC\sopc_counter.qsys --synthesis=VHDL --output-directory=C:\Users\Etudiant\Desktop\TP_VHDL\SOPC\sopc_counter\synthesis --family="Cyclone IV E" --part=EP4CE22F17C6
Progress: Loading SOPC/sopc_counter.qsys
Progress: Reading input file
Progress: Adding Avalon_pwm_0 [Avalon_pwm 1.0]
Progress: Parameterizing module Avalon_pwm_0
Progress: Adding Buttons_IO [altera_avalon_pio 18.1]
Progress: Parameterizing module Buttons_IO
Progress: Adding CPU [altera_nios2_gen2 18.1]
Progress: Parameterizing module CPU
Progress: Adding LEDS_IO [altera_avalon_pio 18.1]
Progress: Parameterizing module LEDS_IO
Progress: Adding RAM [altera_avalon_onchip_memory2 18.1]
Progress: Parameterizing module RAM
Progress: Adding clk_0 [clock_source 18.1]
Progress: Parameterizing module clk_0
Progress: Adding jtag_uart_0 [altera_avalon_jtag_uart 18.1]
Progress: Parameterizing module jtag_uart_0
Progress: Adding sysid_qsys_0 [altera_avalon_sysid_qsys 18.1]
Progress: Parameterizing module sysid_qsys_0
Progress: Building connections
Progress: Parameterizing connections
Progress: Validating
Progress: Done reading input file
Info: sopc_counter.Buttons_IO: PIO inputs are not hardwired in test bench. Undefined values will be read from PIO inputs during simulation.
Info: sopc_counter.jtag_uart_0: JTAG UART IP input clock need to be at least double (2x) the operating frequency of JTAG TCK on board
Info: sopc_counter.sysid_qsys_0: System ID is not assigned automatically. Edit the System ID parameter to provide a unique ID
Info: sopc_counter.sysid_qsys_0: Time stamp will be automatically updated when this component is generated.
Info: sopc_counter: Generating sopc_counter "sopc_counter" for QUARTUS_SYNTH
Info: Avalon_pwm_0: "sopc_counter" instantiated Avalon_pwm "Avalon_pwm_0"
Info: Buttons_IO: Starting RTL generation for module 'sopc_counter_Buttons_IO'
Info: Buttons_IO:   Generation command is [exec C:/intelfpga_lite/18.1/quartus/bin64/perl/bin/perl.exe -I C:/intelfpga_lite/18.1/quartus/bin64/perl/lib -I C:/intelfpga_lite/18.1/quartus/sopc_builder/bin/europa -I C:/intelfpga_lite/18.1/quartus/sopc_builder/bin/perl_lib -I C:/intelfpga_lite/18.1/quartus/sopc_builder/bin -I C:/intelfpga_lite/18.1/quartus/../ip/altera/sopc_builder_ip/common -I C:/intelfpga_lite/18.1/quartus/../ip/altera/sopc_builder_ip/altera_avalon_pio -- C:/intelfpga_lite/18.1/quartus/../ip/altera/sopc_builder_ip/altera_avalon_pio/generate_rtl.pl --name=sopc_counter_Buttons_IO --dir=C:/Users/Etudiant/AppData/Local/Temp/alt9625_8890150518142749941.dir/0087_Buttons_IO_gen/ --quartus_dir=C:/intelfpga_lite/18.1/quartus --verilog --config=C:/Users/Etudiant/AppData/Local/Temp/alt9625_8890150518142749941.dir/0087_Buttons_IO_gen//sopc_counter_Buttons_IO_component_configuration.pl  --do_build_sim=0  ]
Info: Buttons_IO: Done RTL generation for module 'sopc_counter_Buttons_IO'
Info: Buttons_IO: "sopc_counter" instantiated altera_avalon_pio "Buttons_IO"
Info: CPU: "sopc_counter" instantiated altera_nios2_gen2 "CPU"
Info: LEDS_IO: Starting RTL generation for module 'sopc_counter_LEDS_IO'
Info: LEDS_IO:   Generation command is [exec C:/intelfpga_lite/18.1/quartus/bin64/perl/bin/perl.exe -I C:/intelfpga_lite/18.1/quartus/bin64/perl/lib -I C:/intelfpga_lite/18.1/quartus/sopc_builder/bin/europa -I C:/intelfpga_lite/18.1/quartus/sopc_builder/bin/perl_lib -I C:/intelfpga_lite/18.1/quartus/sopc_builder/bin -I C:/intelfpga_lite/18.1/quartus/../ip/altera/sopc_builder_ip/common -I C:/intelfpga_lite/18.1/quartus/../ip/altera/sopc_builder_ip/altera_avalon_pio -- C:/intelfpga_lite/18.1/quartus/../ip/altera/sopc_builder_ip/altera_avalon_pio/generate_rtl.pl --name=sopc_counter_LEDS_IO --dir=C:/Users/Etudiant/AppData/Local/Temp/alt9625_8890150518142749941.dir/0088_LEDS_IO_gen/ --quartus_dir=C:/intelfpga_lite/18.1/quartus --verilog --config=C:/Users/Etudiant/AppData/Local/Temp/alt9625_8890150518142749941.dir/0088_LEDS_IO_gen//sopc_counter_LEDS_IO_component_configuration.pl  --do_build_sim=0  ]
Info: LEDS_IO: Done RTL generation for module 'sopc_counter_LEDS_IO'
Info: LEDS_IO: "sopc_counter" instantiated altera_avalon_pio "LEDS_IO"
Info: RAM: Starting RTL generation for module 'sopc_counter_RAM'
Info: RAM:   Generation command is [exec C:/intelfpga_lite/18.1/quartus/bin64/perl/bin/perl.exe -I C:/intelfpga_lite/18.1/quartus/bin64/perl/lib -I C:/intelfpga_lite/18.1/quartus/sopc_builder/bin/europa -I C:/intelfpga_lite/18.1/quartus/sopc_builder/bin/perl_lib -I C:/intelfpga_lite/18.1/quartus/sopc_builder/bin -I C:/intelfpga_lite/18.1/quartus/../ip/altera/sopc_builder_ip/common -I C:/intelfpga_lite/18.1/quartus/../ip/altera/sopc_builder_ip/altera_avalon_onchip_memory2 -- C:/intelfpga_lite/18.1/quartus/../ip/altera/sopc_builder_ip/altera_avalon_onchip_memory2/generate_rtl.pl --name=sopc_counter_RAM --dir=C:/Users/Etudiant/AppData/Local/Temp/alt9625_8890150518142749941.dir/0089_RAM_gen/ --quartus_dir=C:/intelfpga_lite/18.1/quartus --verilog --config=C:/Users/Etudiant/AppData/Local/Temp/alt9625_8890150518142749941.dir/0089_RAM_gen//sopc_counter_RAM_component_configuration.pl  --do_build_sim=0  ]
Info: RAM: Done RTL generation for module 'sopc_counter_RAM'
Info: RAM: "sopc_counter" instantiated altera_avalon_onchip_memory2 "RAM"
Info: jtag_uart_0: Starting RTL generation for module 'sopc_counter_jtag_uart_0'
Info: jtag_uart_0:   Generation command is [exec C:/intelfpga_lite/18.1/quartus/bin64/perl/bin/perl.exe -I C:/intelfpga_lite/18.1/quartus/bin64/perl/lib -I C:/intelfpga_lite/18.1/quartus/sopc_builder/bin/europa -I C:/intelfpga_lite/18.1/quartus/sopc_builder/bin/perl_lib -I C:/intelfpga_lite/18.1/quartus/sopc_builder/bin -I C:/intelfpga_lite/18.1/quartus/../ip/altera/sopc_builder_ip/common -I C:/intelfpga_lite/18.1/quartus/../ip/altera/sopc_builder_ip/altera_avalon_jtag_uart -- C:/intelfpga_lite/18.1/quartus/../ip/altera/sopc_builder_ip/altera_avalon_jtag_uart/generate_rtl.pl --name=sopc_counter_jtag_uart_0 --dir=C:/Users/Etudiant/AppData/Local/Temp/alt9625_8890150518142749941.dir/0090_jtag_uart_0_gen/ --quartus_dir=C:/intelfpga_lite/18.1/quartus --verilog --config=C:/Users/Etudiant/AppData/Local/Temp/alt9625_8890150518142749941.dir/0090_jtag_uart_0_gen//sopc_counter_jtag_uart_0_component_configuration.pl  --do_build_sim=0  ]
Info: jtag_uart_0: Done RTL generation for module 'sopc_counter_jtag_uart_0'
Info: jtag_uart_0: "sopc_counter" instantiated altera_avalon_jtag_uart "jtag_uart_0"
Info: sysid_qsys_0: "sopc_counter" instantiated altera_avalon_sysid_qsys "sysid_qsys_0"
Info: avalon_st_adapter: Inserting error_adapter: error_adapter_0
Info: avalon_st_adapter_001: Inserting error_adapter: error_adapter_0
Info: avalon_st_adapter_002: Inserting error_adapter: error_adapter_0
Info: avalon_st_adapter_003: Inserting error_adapter: error_adapter_0
Info: avalon_st_adapter_004: Inserting error_adapter: error_adapter_0
Info: avalon_st_adapter_005: Inserting error_adapter: error_adapter_0
Info: avalon_st_adapter_006: Inserting error_adapter: error_adapter_0
Info: mm_interconnect_0: "sopc_counter" instantiated altera_mm_interconnect "mm_interconnect_0"
Info: irq_mapper: "sopc_counter" instantiated altera_irq_mapper "irq_mapper"
Info: rst_controller: "sopc_counter" instantiated altera_reset_controller "rst_controller"
Info: cpu: Starting RTL generation for module 'sopc_counter_CPU_cpu'
Info: cpu:   Generation command is [exec C:/intelFPGA_lite/18.1/quartus/bin64//eperlcmd.exe -I C:/intelFPGA_lite/18.1/quartus/bin64//perl/lib -I C:/intelfpga_lite/18.1/quartus/sopc_builder/bin/europa -I C:/intelfpga_lite/18.1/quartus/sopc_builder/bin/perl_lib -I C:/intelfpga_lite/18.1/quartus/sopc_builder/bin -I C:/intelfpga_lite/18.1/quartus/../ip/altera/nios2_ip/altera_nios2_gen2/cpu_lib -I C:/intelfpga_lite/18.1/quartus/../ip/altera/nios2_ip/altera_nios2_gen2/nios_lib -I C:/intelfpga_lite/18.1/quartus/../ip/altera/nios2_ip/altera_nios2_gen2 -I C:/intelfpga_lite/18.1/quartus/../ip/altera/nios2_ip/altera_nios2_gen2 -- C:/intelfpga_lite/18.1/quartus/../ip/altera/nios2_ip/altera_nios2_gen2/generate_rtl.epl --name=sopc_counter_CPU_cpu --dir=C:/Users/Etudiant/AppData/Local/Temp/alt9625_8890150518142749941.dir/0094_cpu_gen/ --quartus_bindir=C:/intelFPGA_lite/18.1/quartus/bin64/ --verilog --config=C:/Users/Etudiant/AppData/Local/Temp/alt9625_8890150518142749941.dir/0094_cpu_gen//sopc_counter_CPU_cpu_processor_configuration.pl  --do_build_sim=0  ]
Info: cpu: # 2023.09.25 10:06:47 (*) Starting Nios II generation
Info: cpu: # 2023.09.25 10:06:47 (*)   Checking for plaintext license.
Info: cpu: # 2023.09.25 10:06:47 (*)   Couldn't query license setup in Quartus directory C:/intelFPGA_lite/18.1/quartus/bin64/
Info: cpu: # 2023.09.25 10:06:47 (*)   Defaulting to contents of LM_LICENSE_FILE environment variable
Info: cpu: # 2023.09.25 10:06:47 (*)   LM_LICENSE_FILE environment variable is empty
Info: cpu: # 2023.09.25 10:06:47 (*)   Plaintext license not found.
Info: cpu: # 2023.09.25 10:06:47 (*)   No license required to generate encrypted Nios II/e.
Info: cpu: # 2023.09.25 10:06:47 (*)   Elaborating CPU configuration settings
Info: cpu: # 2023.09.25 10:06:47 (*)   Creating all objects for CPU
Info: cpu: # 2023.09.25 10:06:48 (*)   Generating RTL from CPU objects
Info: cpu: # 2023.09.25 10:06:48 (*)   Creating plain-text RTL
Info: cpu: # 2023.09.25 10:06:49 (*) Done Nios II generation
Info: cpu: Done RTL generation for module 'sopc_counter_CPU_cpu'
Info: cpu: "CPU" instantiated altera_nios2_gen2_unit "cpu"
Info: CPU_data_master_translator: "mm_interconnect_0" instantiated altera_merlin_master_translator "CPU_data_master_translator"
Info: jtag_uart_0_avalon_jtag_slave_translator: "mm_interconnect_0" instantiated altera_merlin_slave_translator "jtag_uart_0_avalon_jtag_slave_translator"
Info: CPU_data_master_agent: "mm_interconnect_0" instantiated altera_merlin_master_agent "CPU_data_master_agent"
Info: jtag_uart_0_avalon_jtag_slave_agent: "mm_interconnect_0" instantiated altera_merlin_slave_agent "jtag_uart_0_avalon_jtag_slave_agent"
Info: jtag_uart_0_avalon_jtag_slave_agent_rsp_fifo: "mm_interconnect_0" instantiated altera_avalon_sc_fifo "jtag_uart_0_avalon_jtag_slave_agent_rsp_fifo"
Info: router: "mm_interconnect_0" instantiated altera_merlin_router "router"
Info: router_002: "mm_interconnect_0" instantiated altera_merlin_router "router_002"
Info: cmd_demux: "mm_interconnect_0" instantiated altera_merlin_demultiplexer "cmd_demux"
Info: cmd_mux: "mm_interconnect_0" instantiated altera_merlin_multiplexer "cmd_mux"
Info: rsp_demux: "mm_interconnect_0" instantiated altera_merlin_demultiplexer "rsp_demux"
Info: rsp_mux: "mm_interconnect_0" instantiated altera_merlin_multiplexer "rsp_mux"
Info: Reusing file C:/Users/Etudiant/Desktop/TP_VHDL/SOPC/sopc_counter/synthesis/submodules/altera_merlin_arbitrator.sv
Info: avalon_st_adapter: "mm_interconnect_0" instantiated altera_avalon_st_adapter "avalon_st_adapter"
Info: error_adapter_0: "avalon_st_adapter" instantiated error_adapter "error_adapter_0"
Info: sopc_counter: Done "sopc_counter" with 25 modules, 38 files
Info: qsys-generate succeeded.
Info: Finished: Create HDL design files for synthesis
