Analysis & Synthesis report for BE_COMPAS
Thu Nov 16 11:46:47 2023
Quartus II Version 9.0 Build 235 06/17/2009 Service Pack 2 SJ Web Edition


---------------------
; Table of Contents ;
---------------------
  1. Legal Notice
  2. Analysis & Synthesis Summary
  3. Analysis & Synthesis Settings
  4. Analysis & Synthesis Source Files Read
  5. Analysis & Synthesis Resource Usage Summary
  6. Analysis & Synthesis Resource Utilization by Entity
  7. Registers Removed During Synthesis
  8. General Register Statistics
  9. Inverted Register Statistics
 10. Multiplexer Restructuring Statistics (Restructuring Performed)
 11. Analysis & Synthesis Messages



----------------
; Legal Notice ;
----------------
Copyright (C) 1991-2009 Altera Corporation
Your use of Altera Corporation's design tools, logic functions 
and other software and tools, and its AMPP partner logic 
functions, and any output files from any of the foregoing 
(including device programming or simulation files), and any 
associated documentation or information are expressly subject 
to the terms and conditions of the Altera Program License 
Subscription Agreement, Altera MegaCore Function License 
Agreement, or other applicable license agreement, including, 
without limitation, that your use is for the sole purpose of 
programming logic devices manufactured by Altera and sold by 
Altera or its authorized distributors.  Please refer to the 
applicable agreement for further details.



+-----------------------------------------------------------------------------------+
; Analysis & Synthesis Summary                                                      ;
+------------------------------------+----------------------------------------------+
; Analysis & Synthesis Status        ; Successful - Thu Nov 16 11:46:47 2023        ;
; Quartus II Version                 ; 9.0 Build 235 06/17/2009 SP 2 SJ Web Edition ;
; Revision Name                      ; BE_COMPAS                                    ;
; Top-level Entity Name              ; Fullcompas                                   ;
; Family                             ; Cyclone II                                   ;
; Total logic elements               ; 143                                          ;
;     Total combinational functions  ; 116                                          ;
;     Dedicated logic registers      ; 102                                          ;
; Total registers                    ; 102                                          ;
; Total pins                         ; 15                                           ;
; Total virtual pins                 ; 0                                            ;
; Total memory bits                  ; 0                                            ;
; Embedded Multiplier 9-bit elements ; 0                                            ;
; Total PLLs                         ; 0                                            ;
+------------------------------------+----------------------------------------------+


+--------------------------------------------------------------------------------------------------------+
; Analysis & Synthesis Settings                                                                          ;
+--------------------------------------------------------------+--------------------+--------------------+
; Option                                                       ; Setting            ; Default Value      ;
+--------------------------------------------------------------+--------------------+--------------------+
; Device                                                       ; EP2C35F672C6       ;                    ;
; Top-level entity name                                        ; Fullcompas         ; BE_COMPAS          ;
; Family name                                                  ; Cyclone II         ; Stratix II         ;
; Use Generated Physical Constraints File                      ; Off                ;                    ;
; Use smart compilation                                        ; Off                ; Off                ;
; Restructure Multiplexers                                     ; Auto               ; Auto               ;
; Create Debugging Nodes for IP Cores                          ; Off                ; Off                ;
; Preserve fewer node names                                    ; On                 ; On                 ;
; Disable OpenCore Plus hardware evaluation                    ; Off                ; Off                ;
; Verilog Version                                              ; Verilog_2001       ; Verilog_2001       ;
; VHDL Version                                                 ; VHDL93             ; VHDL93             ;
; State Machine Processing                                     ; Auto               ; Auto               ;
; Safe State Machine                                           ; Off                ; Off                ;
; Extract Verilog State Machines                               ; On                 ; On                 ;
; Extract VHDL State Machines                                  ; On                 ; On                 ;
; Ignore Verilog initial constructs                            ; Off                ; Off                ;
; Iteration limit for constant Verilog loops                   ; 5000               ; 5000               ;
; Iteration limit for non-constant Verilog loops               ; 250                ; 250                ;
; Add Pass-Through Logic to Inferred RAMs                      ; On                 ; On                 ;
; Parallel Synthesis                                           ; Off                ; Off                ;
; DSP Block Balancing                                          ; Auto               ; Auto               ;
; NOT Gate Push-Back                                           ; On                 ; On                 ;
; Power-Up Don't Care                                          ; On                 ; On                 ;
; Remove Redundant Logic Cells                                 ; Off                ; Off                ;
; Remove Duplicate Registers                                   ; On                 ; On                 ;
; Ignore CARRY Buffers                                         ; Off                ; Off                ;
; Ignore CASCADE Buffers                                       ; Off                ; Off                ;
; Ignore GLOBAL Buffers                                        ; Off                ; Off                ;
; Ignore ROW GLOBAL Buffers                                    ; Off                ; Off                ;
; Ignore LCELL Buffers                                         ; Off                ; Off                ;
; Ignore SOFT Buffers                                          ; On                 ; On                 ;
; Limit AHDL Integers to 32 Bits                               ; Off                ; Off                ;
; Optimization Technique                                       ; Balanced           ; Balanced           ;
; Carry Chain Length                                           ; 70                 ; 70                 ;
; Auto Carry Chains                                            ; On                 ; On                 ;
; Auto Open-Drain Pins                                         ; On                 ; On                 ;
; Perform WYSIWYG Primitive Resynthesis                        ; Off                ; Off                ;
; Auto ROM Replacement                                         ; On                 ; On                 ;
; Auto RAM Replacement                                         ; On                 ; On                 ;
; Auto Shift Register Replacement                              ; Auto               ; Auto               ;
; Auto Clock Enable Replacement                                ; On                 ; On                 ;
; Strict RAM Replacement                                       ; Off                ; Off                ;
; Allow Synchronous Control Signals                            ; On                 ; On                 ;
; Force Use of Synchronous Clear Signals                       ; Off                ; Off                ;
; Auto RAM to Logic Cell Conversion                            ; Off                ; Off                ;
; Auto Resource Sharing                                        ; Off                ; Off                ;
; Allow Any RAM Size For Recognition                           ; Off                ; Off                ;
; Allow Any ROM Size For Recognition                           ; Off                ; Off                ;
; Allow Any Shift Register Size For Recognition                ; Off                ; Off                ;
; Use LogicLock Constraints during Resource Balancing          ; On                 ; On                 ;
; Ignore translate_off and synthesis_off directives            ; Off                ; Off                ;
; Timing-Driven Synthesis                                      ; Off                ; Off                ;
; Show Parameter Settings Tables in Synthesis Report           ; On                 ; On                 ;
; Ignore Maximum Fan-Out Assignments                           ; Off                ; Off                ;
; Synchronization Register Chain Length                        ; 2                  ; 2                  ;
; PowerPlay Power Optimization                                 ; Normal compilation ; Normal compilation ;
; HDL message level                                            ; Level2             ; Level2             ;
; Suppress Register Optimization Related Messages              ; Off                ; Off                ;
; Number of Removed Registers Reported in Synthesis Report     ; 100                ; 100                ;
; Number of Inverted Registers Reported in Synthesis Report    ; 100                ; 100                ;
; Clock MUX Protection                                         ; On                 ; On                 ;
; Auto Gated Clock Conversion                                  ; Off                ; Off                ;
; Block Design Naming                                          ; Auto               ; Auto               ;
; SDC constraint protection                                    ; Off                ; Off                ;
; Synthesis Effort                                             ; Auto               ; Auto               ;
; Shift Register Replacement - Allow Asynchronous Clear Signal ; On                 ; On                 ;
; Analysis & Synthesis Message Level                           ; Medium             ; Medium             ;
+--------------------------------------------------------------+--------------------+--------------------+


+------------------------------------------------------------------------------------------------------------------------------------------------------+
; Analysis & Synthesis Source Files Read                                                                                                               ;
+----------------------------------+-----------------+------------------------------------+------------------------------------------------------------+
; File Name with User-Entered Path ; Used in Netlist ; File Type                          ; File Name with Absolute Path                               ;
+----------------------------------+-----------------+------------------------------------+------------------------------------------------------------+
; BE_COMPAS.vhd                    ; yes             ; User VHDL File                     ; C:/Users/Etudiant/Desktop/TP_VHDL/COMPAS_BE/BE_COMPAS.vhd  ;
; div1khz.vhd                      ; yes             ; User VHDL File                     ; C:/Users/Etudiant/Desktop/TP_VHDL/COMPAS_BE/div1khz.vhd    ;
; Fullcompas.bdf                   ; yes             ; User Block Diagram/Schematic File  ; C:/Users/Etudiant/Desktop/TP_VHDL/COMPAS_BE/Fullcompas.bdf ;
; div1Hz.vhd                       ; yes             ; User VHDL File                     ; C:/Users/Etudiant/Desktop/TP_VHDL/COMPAS_BE/div1Hz.vhd     ;
; TRAITEMENT.vhd                   ; yes             ; User VHDL File                     ; C:/Users/Etudiant/Desktop/TP_VHDL/COMPAS_BE/TRAITEMENT.vhd ;
+----------------------------------+-----------------+------------------------------------+------------------------------------------------------------+


+-----------------------------------------------------+
; Analysis & Synthesis Resource Usage Summary         ;
+---------------------------------------------+-------+
; Resource                                    ; Usage ;
+---------------------------------------------+-------+
; Estimated Total logic elements              ; 143   ;
;                                             ;       ;
; Total combinational functions               ; 116   ;
; Logic element usage by number of LUT inputs ;       ;
;     -- 4 input functions                    ; 22    ;
;     -- 3 input functions                    ; 21    ;
;     -- <=2 input functions                  ; 73    ;
;                                             ;       ;
; Logic elements by mode                      ;       ;
;     -- normal mode                          ; 47    ;
;     -- arithmetic mode                      ; 69    ;
;                                             ;       ;
; Total registers                             ; 102   ;
;     -- Dedicated logic registers            ; 102   ;
;     -- I/O registers                        ; 0     ;
;                                             ;       ;
; I/O pins                                    ; 15    ;
; Maximum fan-out node                        ; Reset ;
; Maximum fan-out                             ; 86    ;
; Total fan-out                               ; 626   ;
; Average fan-out                             ; 2.69  ;
+---------------------------------------------+-------+


+------------------------------------------------------------------------------------------------------------------------------------------------------------------------------------------+
; Analysis & Synthesis Resource Utilization by Entity                                                                                                                                      ;
+----------------------------+-------------------+--------------+-------------+--------------+---------+-----------+------+--------------+----------------------------------+--------------+
; Compilation Hierarchy Node ; LC Combinationals ; LC Registers ; Memory Bits ; DSP Elements ; DSP 9x9 ; DSP 18x18 ; Pins ; Virtual Pins ; Full Hierarchy Name              ; Library Name ;
+----------------------------+-------------------+--------------+-------------+--------------+---------+-----------+------+--------------+----------------------------------+--------------+
; |Fullcompas                ; 116 (0)           ; 102 (0)      ; 0           ; 0            ; 0       ; 0         ; 15   ; 0            ; |Fullcompas                      ; work         ;
;    |BE_COMPAS:inst|        ; 10 (10)           ; 27 (27)      ; 0           ; 0            ; 0       ; 0         ; 0    ; 0            ; |Fullcompas|BE_COMPAS:inst       ; work         ;
;    |Clock_Divider1:inst3|  ; 56 (56)           ; 33 (33)      ; 0           ; 0            ; 0       ; 0         ; 0    ; 0            ; |Fullcompas|Clock_Divider1:inst3 ; work         ;
;    |Clock_Divider:inst1|   ; 47 (47)           ; 31 (31)      ; 0           ; 0            ; 0       ; 0         ; 0    ; 0            ; |Fullcompas|Clock_Divider:inst1  ; work         ;
;    |TRAITEMENT:inst2|      ; 3 (3)             ; 11 (11)      ; 0           ; 0            ; 0       ; 0         ; 0    ; 0            ; |Fullcompas|TRAITEMENT:inst2     ; work         ;
+----------------------------+-------------------+--------------+-------------+--------------+---------+-----------+------+--------------+----------------------------------+--------------+
Note: For table entries with two numbers listed, the numbers in parentheses indicate the number of resources of the given type used by the specific entity alone. The numbers listed outside of parentheses indicate the total resources of the given type used by the specific entity and all of its sub-entities in the hierarchy.


+---------------------------------------------------------------------------------------+
; Registers Removed During Synthesis                                                    ;
+-------------------------------------------+-------------------------------------------+
; Register name                             ; Reason for Removal                        ;
+-------------------------------------------+-------------------------------------------+
; Clock_Divider:inst1|count[0]              ; Merged with Clock_Divider1:inst3|count[0] ;
; Clock_Divider:inst1|count[1]              ; Merged with Clock_Divider1:inst3|count[1] ;
; BE_COMPAS:inst|pulse_width_counter[9..31] ; Lost fanout                               ;
; Total Number of Removed Registers = 25    ;                                           ;
+-------------------------------------------+-------------------------------------------+


+------------------------------------------------------+
; General Register Statistics                          ;
+----------------------------------------------+-------+
; Statistic                                    ; Value ;
+----------------------------------------------+-------+
; Total registers                              ; 102   ;
; Number of registers using Synchronous Clear  ; 9     ;
; Number of registers using Synchronous Load   ; 0     ;
; Number of registers using Asynchronous Clear ; 83    ;
; Number of registers using Asynchronous Load  ; 0     ;
; Number of registers using Clock Enable       ; 27    ;
; Number of registers using Preset             ; 0     ;
+----------------------------------------------+-------+


+--------------------------------------------------+
; Inverted Register Statistics                     ;
+----------------------------------------+---------+
; Inverted Register                      ; Fan out ;
+----------------------------------------+---------+
; Clock_Divider1:inst3|count[0]          ; 5       ;
; Total number of inverted registers = 1 ;         ;
+----------------------------------------+---------+


+-----------------------------------------------------------------------------------------------------------------------------------------------------------+
; Multiplexer Restructuring Statistics (Restructuring Performed)                                                                                            ;
+--------------------+-----------+---------------+----------------------+------------------------+------------+---------------------------------------------+
; Multiplexer Inputs ; Bus Width ; Baseline Area ; Area if Restructured ; Saving if Restructured ; Registered ; Example Multiplexer Output                  ;
+--------------------+-----------+---------------+----------------------+------------------------+------------+---------------------------------------------+
; 4:1                ; 9 bits    ; 18 LEs        ; 0 LEs                ; 18 LEs                 ; Yes        ; |Fullcompas|TRAITEMENT:inst2|data_compas[7] ;
+--------------------+-----------+---------------+----------------------+------------------------+------------+---------------------------------------------+


+-------------------------------+
; Analysis & Synthesis Messages ;
+-------------------------------+
Info: *******************************************************************
Info: Running Quartus II Analysis & Synthesis
    Info: Version 9.0 Build 235 06/17/2009 Service Pack 2 SJ Web Edition
    Info: Processing started: Thu Nov 16 11:46:46 2023
Info: Command: quartus_map --read_settings_files=on --write_settings_files=off BE_COMPAS -c BE_COMPAS
Info: Found 2 design units, including 1 entities, in source file BE_COMPAS.vhd
    Info: Found design unit 1: BE_COMPAS-Behavioral
    Info: Found entity 1: BE_COMPAS
Info: Found 2 design units, including 1 entities, in source file div1khz.vhd
    Info: Found design unit 1: Clock_Divider-bhv
    Info: Found entity 1: Clock_Divider
Info: Found 1 design units, including 1 entities, in source file Fullcompas.bdf
    Info: Found entity 1: Fullcompas
Info: Found 2 design units, including 1 entities, in source file div1Hz.vhd
    Info: Found design unit 1: Clock_Divider1-bhv
    Info: Found entity 1: Clock_Divider1
Info: Found 2 design units, including 1 entities, in source file TRAITEMENT.vhd
    Info: Found design unit 1: TRAITEMENT-Behavioral
    Info: Found entity 1: TRAITEMENT
Info: Elaborating entity "Fullcompas" for the top level hierarchy
Info: Elaborating entity "TRAITEMENT" for hierarchy "TRAITEMENT:inst2"
Info: Elaborating entity "Clock_Divider1" for hierarchy "Clock_Divider1:inst3"
Warning (10492): VHDL Process Statement warning at div1Hz.vhd(29): signal "tmp" is read inside the Process Statement but isn't in the Process Statement's sensitivity list
Info: Elaborating entity "BE_COMPAS" for hierarchy "BE_COMPAS:inst"
Info: Elaborating entity "Clock_Divider" for hierarchy "Clock_Divider:inst1"
Warning (10492): VHDL Process Statement warning at div1khz.vhd(29): signal "tmp" is read inside the Process Statement but isn't in the Process Statement's sensitivity list
Critical Warning: Ignored Power-Up Level option on the following registers
    Critical Warning: Register Clock_Divider1:inst3|count[24] will power up to Low
    Critical Warning: Register Clock_Divider1:inst3|count[22] will power up to Low
    Critical Warning: Register Clock_Divider1:inst3|count[21] will power up to Low
    Critical Warning: Register Clock_Divider1:inst3|count[20] will power up to Low
    Critical Warning: Register Clock_Divider1:inst3|count[19] will power up to Low
    Critical Warning: Register Clock_Divider1:inst3|count[18] will power up to Low
    Critical Warning: Register Clock_Divider1:inst3|count[16] will power up to Low
    Critical Warning: Register Clock_Divider1:inst3|count[14] will power up to Low
    Critical Warning: Register Clock_Divider1:inst3|count[13] will power up to Low
    Critical Warning: Register Clock_Divider1:inst3|count[12] will power up to Low
    Critical Warning: Register Clock_Divider1:inst3|count[11] will power up to Low
    Critical Warning: Register Clock_Divider1:inst3|count[6] will power up to Low
    Critical Warning: Register Clock_Divider1:inst3|count[0] will power up to High
    Critical Warning: Register Clock_Divider:inst1|count[14] will power up to Low
    Critical Warning: Register Clock_Divider:inst1|count[13] will power up to Low
    Critical Warning: Register Clock_Divider:inst1|count[8] will power up to Low
    Critical Warning: Register Clock_Divider:inst1|count[7] will power up to Low
    Critical Warning: Register Clock_Divider:inst1|count[5] will power up to Low
    Critical Warning: Register Clock_Divider:inst1|count[3] will power up to Low
Info: 23 registers lost all their fanouts during netlist optimizations. The first 23 are displayed below.
    Info: Register "BE_COMPAS:inst|pulse_width_counter[9]" lost all its fanouts during netlist optimizations.
    Info: Register "BE_COMPAS:inst|pulse_width_counter[10]" lost all its fanouts during netlist optimizations.
    Info: Register "BE_COMPAS:inst|pulse_width_counter[11]" lost all its fanouts during netlist optimizations.
    Info: Register "BE_COMPAS:inst|pulse_width_counter[12]" lost all its fanouts during netlist optimizations.
    Info: Register "BE_COMPAS:inst|pulse_width_counter[13]" lost all its fanouts during netlist optimizations.
    Info: Register "BE_COMPAS:inst|pulse_width_counter[14]" lost all its fanouts during netlist optimizations.
    Info: Register "BE_COMPAS:inst|pulse_width_counter[15]" lost all its fanouts during netlist optimizations.
    Info: Register "BE_COMPAS:inst|pulse_width_counter[16]" lost all its fanouts during netlist optimizations.
    Info: Register "BE_COMPAS:inst|pulse_width_counter[17]" lost all its fanouts during netlist optimizations.
    Info: Register "BE_COMPAS:inst|pulse_width_counter[18]" lost all its fanouts during netlist optimizations.
    Info: Register "BE_COMPAS:inst|pulse_width_counter[19]" lost all its fanouts during netlist optimizations.
    Info: Register "BE_COMPAS:inst|pulse_width_counter[20]" lost all its fanouts during netlist optimizations.
    Info: Register "BE_COMPAS:inst|pulse_width_counter[21]" lost all its fanouts during netlist optimizations.
    Info: Register "BE_COMPAS:inst|pulse_width_counter[22]" lost all its fanouts during netlist optimizations.
    Info: Register "BE_COMPAS:inst|pulse_width_counter[23]" lost all its fanouts during netlist optimizations.
    Info: Register "BE_COMPAS:inst|pulse_width_counter[24]" lost all its fanouts during netlist optimizations.
    Info: Register "BE_COMPAS:inst|pulse_width_counter[25]" lost all its fanouts during netlist optimizations.
    Info: Register "BE_COMPAS:inst|pulse_width_counter[26]" lost all its fanouts during netlist optimizations.
    Info: Register "BE_COMPAS:inst|pulse_width_counter[27]" lost all its fanouts during netlist optimizations.
    Info: Register "BE_COMPAS:inst|pulse_width_counter[28]" lost all its fanouts during netlist optimizations.
    Info: Register "BE_COMPAS:inst|pulse_width_counter[29]" lost all its fanouts during netlist optimizations.
    Info: Register "BE_COMPAS:inst|pulse_width_counter[30]" lost all its fanouts during netlist optimizations.
    Info: Register "BE_COMPAS:inst|pulse_width_counter[31]" lost all its fanouts during netlist optimizations.
Info: Implemented 158 device resources after synthesis - the final resource count might be different
    Info: Implemented 5 input pins
    Info: Implemented 10 output pins
    Info: Implemented 143 logic cells
Info: Quartus II Analysis & Synthesis was successful. 0 errors, 22 warnings
    Info: Peak virtual memory: 241 megabytes
    Info: Processing ended: Thu Nov 16 11:46:47 2023
    Info: Elapsed time: 00:00:01
    Info: Total CPU time (on all processors): 00:00:01


